<?xml version="1.0" encoding="UTF-8"?>
<!-- Generated by org.testng.reporters.JUnitReportReporter -->
<testsuite hostname="DESKTOP-UPVJF2U" failures="0" tests="1" name="com.vilcart.app.ReadLogin" time="4.337" errors="1" timestamp="2022-07-13T15:17:45 IST" skipped="0">
  <testcase classname="com.vilcart.app.ReadLogin" name="ReadData" time="4.337">
    <error message="javascript error: angular is not defined
  (Session info: chrome=104.0.5112.39)
Build info: version: &#039;4.2.2&#039;, revision: &#039;683ccb65d6&#039;
System info: host: &#039;DESKTOP-UPVJF2U&#039;, ip: &#039;192.168.0.132&#039;, os.name: &#039;Windows 10&#039;, os.arch: &#039;amd64&#039;, os.version: &#039;10.0&#039;, java.version: &#039;18.0.1.1&#039;
Driver info: org.openqa.selenium.chrome.ChromeDriver
Command: [2cefbd858258568d020b292f408f2115, executeScript {script=var using = arguments[0] || document;
var rootSelector = &#039;&quot;app-create-customers&quot;&#039;;
var model = &#039;state&#039;;

var getNg1Hooks = function(selector, injectorPlease) {
  function tryEl(el) {
    try {
      if (!injectorPlease &amp;&amp; angular.getTestability) {
        var $$testability = angular.getTestability(el);
        if ($$testability) {
          return {$$testability: $$testability};
        }
      } else {
        var $injector = angular.element(el).injector();
        if ($injector) {
          return {$injector: $injector};
        }
      }
    } catch(err) {}
  }
  function trySelector(selector) {
    var els = document.querySelectorAll(selector);
    for (var i = 0; i &lt; els.length; i++) {
      var elHooks = tryEl(els[i]);
      if (elHooks) {
        return elHooks;
      }
    }
  }

  if (selector) {
    return trySelector(selector);
  } else if (window.__TESTABILITY__NG1_APP_ROOT_INJECTOR__) {
    var $injector = window.__TESTABILITY__NG1_APP_ROOT_INJECTOR__;
    var $$testability = null;
    try {
      $$testability = $injector.get(&#039;$$testability&#039;);
    } catch (e) {}
    return {$injector: $injector, $$testability: $$testability};
  } else {
    return tryEl(document.body) ||
        trySelector(&#039;[ng-app]&#039;) || trySelector(&#039;[ng\\:app]&#039;) ||
        trySelector(&#039;[ng-controller]&#039;) || trySelector(&#039;[ng\\:controller]&#039;);
  }
}

  using = using || document;

  if (angular.getTestability) {
    return getNg1Hooks(rootSelector).$$testability.
        findModels(using, model, true);
  }
  var prefixes = [&#039;ng-&#039;, &#039;ng_&#039;, &#039;data-ng-&#039;, &#039;x-ng-&#039;, &#039;ng\\:&#039;];
  for (var p = 0; p &lt; prefixes.length; ++p) {
    var selector = &#039;[&#039; + prefixes[p] + &#039;model=&quot;&#039; + model + &#039;&quot;]&#039;;
    var elements = using.querySelectorAll(selector);
    if (elements.length) {
      return elements;
    }
  }
, args=[null]}]
Capabilities {acceptInsecureCerts: false, browserName: chrome, browserVersion: 104.0.5112.39, chrome: {chromedriverVersion: 104.0.5112.29 (eff877e18f76..., userDataDir: C:\Users\win10\AppData\Loca...}, goog:chromeOptions: {debuggerAddress: localhost:57194}, networkConnectionEnabled: false, pageLoadStrategy: normal, platformName: WINDOWS, proxy: Proxy(), se:cdp: ws://localhost:57194/devtoo..., se:cdpVersion: 104.0.5112.39, setWindowRect: true, strictFileInteractability: false, timeouts: {implicit: 0, pageLoad: 300000, script: 30000}, unhandledPromptBehavior: dismiss and notify, webauthn:extension:credBlob: true, webauthn:extension:largeBlob: true, webauthn:virtualAuthenticators: true}
Session ID: 2cefbd858258568d020b292f408f2115" type="org.openqa.selenium.JavascriptException">
      <![CDATA[org.openqa.selenium.JavascriptException: javascript error: angular is not defined
  (Session info: chrome=104.0.5112.39)
Build info: version: '4.2.2', revision: '683ccb65d6'
System info: host: 'DESKTOP-UPVJF2U', ip: '192.168.0.132', os.name: 'Windows 10', os.arch: 'amd64', os.version: '10.0', java.version: '18.0.1.1'
Driver info: org.openqa.selenium.chrome.ChromeDriver
Command: [2cefbd858258568d020b292f408f2115, executeScript {script=var using = arguments[0] || document;
var rootSelector = '"app-create-customers"';
var model = 'state';

var getNg1Hooks = function(selector, injectorPlease) {
  function tryEl(el) {
    try {
      if (!injectorPlease && angular.getTestability) {
        var $$testability = angular.getTestability(el);
        if ($$testability) {
          return {$$testability: $$testability};
        }
      } else {
        var $injector = angular.element(el).injector();
        if ($injector) {
          return {$injector: $injector};
        }
      }
    } catch(err) {}
  }
  function trySelector(selector) {
    var els = document.querySelectorAll(selector);
    for (var i = 0; i < els.length; i++) {
      var elHooks = tryEl(els[i]);
      if (elHooks) {
        return elHooks;
      }
    }
  }

  if (selector) {
    return trySelector(selector);
  } else if (window.__TESTABILITY__NG1_APP_ROOT_INJECTOR__) {
    var $injector = window.__TESTABILITY__NG1_APP_ROOT_INJECTOR__;
    var $$testability = null;
    try {
      $$testability = $injector.get('$$testability');
    } catch (e) {}
    return {$injector: $injector, $$testability: $$testability};
  } else {
    return tryEl(document.body) ||
        trySelector('[ng-app]') || trySelector('[ng\\:app]') ||
        trySelector('[ng-controller]') || trySelector('[ng\\:controller]');
  }
}

  using = using || document;

  if (angular.getTestability) {
    return getNg1Hooks(rootSelector).$$testability.
        findModels(using, model, true);
  }
  var prefixes = ['ng-', 'ng_', 'data-ng-', 'x-ng-', 'ng\\:'];
  for (var p = 0; p < prefixes.length; ++p) {
    var selector = '[' + prefixes[p] + 'model="' + model + '"]';
    var elements = using.querySelectorAll(selector);
    if (elements.length) {
      return elements;
    }
  }
, args=[null]}]
Capabilities {acceptInsecureCerts: false, browserName: chrome, browserVersion: 104.0.5112.39, chrome: {chromedriverVersion: 104.0.5112.29 (eff877e18f76..., userDataDir: C:\Users\win10\AppData\Loca...}, goog:chromeOptions: {debuggerAddress: localhost:57194}, networkConnectionEnabled: false, pageLoadStrategy: normal, platformName: WINDOWS, proxy: Proxy(), se:cdp: ws://localhost:57194/devtoo..., se:cdpVersion: 104.0.5112.39, setWindowRect: true, strictFileInteractability: false, timeouts: {implicit: 0, pageLoad: 300000, script: 30000}, unhandledPromptBehavior: dismiss and notify, webauthn:extension:credBlob: true, webauthn:extension:largeBlob: true, webauthn:virtualAuthenticators: true}
Session ID: 2cefbd858258568d020b292f408f2115
at java.base/jdk.internal.reflect.DirectConstructorHandleAccessor.newInstance(DirectConstructorHandleAccessor.java:67)
at java.base/java.lang.reflect.Constructor.newInstanceWithCaller(Constructor.java:499)
at java.base/java.lang.reflect.Constructor.newInstance(Constructor.java:483)
at org.openqa.selenium.remote.codec.w3c.W3CHttpResponseCodec.createException(W3CHttpResponseCodec.java:200)
at org.openqa.selenium.remote.codec.w3c.W3CHttpResponseCodec.decode(W3CHttpResponseCodec.java:133)
at org.openqa.selenium.remote.codec.w3c.W3CHttpResponseCodec.decode(W3CHttpResponseCodec.java:53)
at org.openqa.selenium.remote.HttpCommandExecutor.execute(HttpCommandExecutor.java:184)
at org.openqa.selenium.remote.service.DriverCommandExecutor.invokeExecute(DriverCommandExecutor.java:167)
at org.openqa.selenium.remote.service.DriverCommandExecutor.execute(DriverCommandExecutor.java:142)
at org.openqa.selenium.remote.RemoteWebDriver.execute(RemoteWebDriver.java:588)
at org.openqa.selenium.remote.RemoteWebDriver.executeScript(RemoteWebDriver.java:522)
at com.paulhammant.ngwebdriver.ByAngularModel.getObject(ByAngularModel.java:43)
at com.paulhammant.ngwebdriver.ByAngular$BaseBy.findElement(ByAngular.java:166)
at org.openqa.selenium.remote.ElementLocation$ElementFinder$1.findElement(ElementLocation.java:136)
at org.openqa.selenium.remote.ElementLocation.findElement(ElementLocation.java:80)
at org.openqa.selenium.remote.RemoteWebDriver.findElement(RemoteWebDriver.java:406)
at org.openqa.selenium.remote.RemoteWebDriver.findElement(RemoteWebDriver.java:398)
at com.vilcart.app.ReadLogin.ReadData(ReadLogin.java:148)
at java.base/jdk.internal.reflect.DirectMethodHandleAccessor.invoke(DirectMethodHandleAccessor.java:104)
at java.base/java.lang.reflect.Method.invoke(Method.java:577)
at org.testng.internal.MethodInvocationHelper.invokeMethod(MethodInvocationHelper.java:133)
at org.testng.internal.TestInvoker.invokeMethod(TestInvoker.java:598)
at org.testng.internal.TestInvoker.invokeTestMethod(TestInvoker.java:173)
at org.testng.internal.MethodRunner.runInSequence(MethodRunner.java:46)
at org.testng.internal.TestInvoker$MethodInvocationAgent.invoke(TestInvoker.java:824)
at org.testng.internal.TestInvoker.invokeTestMethods(TestInvoker.java:146)
at org.testng.internal.TestMethodWorker.invokeTestMethods(TestMethodWorker.java:146)
at org.testng.internal.TestMethodWorker.run(TestMethodWorker.java:128)
at java.base/java.util.ArrayList.forEach(ArrayList.java:1511)
at org.testng.TestRunner.privateRun(TestRunner.java:794)
at org.testng.TestRunner.run(TestRunner.java:596)
at org.testng.SuiteRunner.runTest(SuiteRunner.java:377)
at org.testng.SuiteRunner.runSequentially(SuiteRunner.java:371)
at org.testng.SuiteRunner.privateRun(SuiteRunner.java:332)
at org.testng.SuiteRunner.run(SuiteRunner.java:276)
at org.testng.SuiteRunnerWorker.runSuite(SuiteRunnerWorker.java:53)
at org.testng.SuiteRunnerWorker.run(SuiteRunnerWorker.java:96)
at org.testng.TestNG.runSuitesSequentially(TestNG.java:1212)
at org.testng.TestNG.runSuitesLocally(TestNG.java:1134)
at org.testng.TestNG.runSuites(TestNG.java:1063)
at org.testng.TestNG.run(TestNG.java:1031)
at org.testng.remote.AbstractRemoteTestNG.run(AbstractRemoteTestNG.java:115)
at org.testng.remote.RemoteTestNG.initAndRun(RemoteTestNG.java:251)
at org.testng.remote.RemoteTestNG.main(RemoteTestNG.java:77)
]]>
    </error>
  </testcase> <!-- ReadData -->
  <system-out>
    <![CDATA[Home - VILCART
Before model state]]>
  </system-out>
</testsuite> <!-- com.vilcart.app.ReadLogin -->
